{"/Users/dan/dev/oaf-vue-router/src/index.ts": {"path":"/Users/dan/dev/oaf-vue-router/src/index.ts","statementMap":{"0":{"start":{"line":1,"column":0},"end":{"line":1,"column":null}},"1":{"start":{"line":15,"column":13},"end":{"line":20,"column":null}},"2":{"start":{"line":23,"column":13},"end":{"line":58,"column":2}},"3":{"start":{"line":27,"column":16},"end":{"line":29,"column":null}},"4":{"start":{"line":32,"column":20},"end":{"line":32,"column":72}},"5":{"start":{"line":32,"column":58},"end":{"line":32,"column":71}},"6":{"start":{"line":40,"column":2},"end":{"line":45,"column":5}},"7":{"start":{"line":42,"column":4},"end":{"line":44,"column":31}},"8":{"start":{"line":43,"column":6},"end":{"line":43,"column":57}},"9":{"start":{"line":47,"column":21},"end":{"line":52,"column":4}},"10":{"start":{"line":49,"column":4},"end":{"line":51,"column":31}},"11":{"start":{"line":50,"column":6},"end":{"line":50,"column":70}},"12":{"start":{"line":54,"column":2},"end":{"line":57,"column":4}},"13":{"start":{"line":55,"column":4},"end":{"line":55,"column":43}},"14":{"start":{"line":56,"column":4},"end":{"line":56,"column":17}}},"fnMap":{"0":{"name":"(anonymous_0)","decl":{"start":{"line":23,"column":26},"end":{"line":23,"column":null}},"loc":{"start":{"line":26,"column":18},"end":{"line":58,"column":1}}},"1":{"name":"(anonymous_1)","decl":{"start":{"line":32,"column":46},"end":{"line":32,"column":54}},"loc":{"start":{"line":32,"column":58},"end":{"line":32,"column":71}}},"2":{"name":"(anonymous_2)","decl":{"start":{"line":40,"column":17},"end":{"line":40,"column":20}},"loc":{"start":{"line":40,"column":22},"end":{"line":45,"column":3}}},"3":{"name":"(anonymous_3)","decl":{"start":{"line":42,"column":15},"end":{"line":42,"column":18}},"loc":{"start":{"line":42,"column":20},"end":{"line":44,"column":5}}},"4":{"name":"(anonymous_4)","decl":{"start":{"line":47,"column":38},"end":{"line":47,"column":39}},"loc":{"start":{"line":47,"column":51},"end":{"line":52,"column":3}}},"5":{"name":"(anonymous_5)","decl":{"start":{"line":49,"column":15},"end":{"line":49,"column":18}},"loc":{"start":{"line":49,"column":20},"end":{"line":51,"column":5}}},"6":{"name":"(anonymous_6)","decl":{"start":{"line":54,"column":9},"end":{"line":54,"column":12}},"loc":{"start":{"line":54,"column":14},"end":{"line":57,"column":3}}}},"branchMap":{},"s":{"0":1,"1":1,"2":1,"3":7,"4":7,"5":11,"6":7,"7":7,"8":7,"9":7,"10":5,"11":5,"12":7,"13":7,"14":7},"f":{"0":7,"1":11,"2":7,"3":7,"4":5,"5":5,"6":7},"b":{}}
}
